<?xml version="1.0" encoding="UTF-8"?>
<testng-results skipped="0" failed="0" ignored="0" total="1" passed="1">
  <reporter-output>
  </reporter-output>
  <suite name="Default suite" duration-ms="8151" started-at="2021-03-25T12:39:35Z" finished-at="2021-03-25T12:39:43Z">
    <groups>
    </groups>
    <test name="Default test" duration-ms="8151" started-at="2021-03-25T12:39:35Z" finished-at="2021-03-25T12:39:43Z">
      <class name="ScrollIntoView_____MukeshOtwani.ScrollIntoViewProgram">
        <test-method status="PASS" signature="scrolling()[pri:0, instance:ScrollIntoView_____MukeshOtwani.ScrollIntoViewProgram@51081592]" name="scrolling" duration-ms="8126" started-at="2021-03-25T12:39:35Z" finished-at="2021-03-25T12:39:43Z">
          <reporter-output>
          </reporter-output>
        </test-method> <!-- scrolling -->
      </class> <!-- ScrollIntoView_____MukeshOtwani.ScrollIntoViewProgram -->
    </test> <!-- Default test -->
  </suite> <!-- Default suite -->
</testng-results>
